/workspaces/its_rpi_ros2_humble/install/algorithms/lib/python3.10/site-packages/algorithms/ins.py
/workspaces/its_rpi_ros2_humble/install/algorithms/lib/python3.10/site-packages/algorithms/camera.py
/workspaces/its_rpi_ros2_humble/install/algorithms/lib/python3.10/site-packages/algorithms/ultrasonic.py
/workspaces/its_rpi_ros2_humble/install/algorithms/lib/python3.10/site-packages/algorithms/uwb.py
/workspaces/its_rpi_ros2_humble/install/algorithms/lib/python3.10/site-packages/algorithms/__init__.py
/workspaces/its_rpi_ros2_humble/install/algorithms/lib/python3.10/site-packages/algorithms/__pycache__/ins.cpython-310.pyc
/workspaces/its_rpi_ros2_humble/install/algorithms/lib/python3.10/site-packages/algorithms/__pycache__/camera.cpython-310.pyc
/workspaces/its_rpi_ros2_humble/install/algorithms/lib/python3.10/site-packages/algorithms/__pycache__/ultrasonic.cpython-310.pyc
/workspaces/its_rpi_ros2_humble/install/algorithms/lib/python3.10/site-packages/algorithms/__pycache__/uwb.cpython-310.pyc
/workspaces/its_rpi_ros2_humble/install/algorithms/lib/python3.10/site-packages/algorithms/__pycache__/__init__.cpython-310.pyc
/workspaces/its_rpi_ros2_humble/install/algorithms/share/ament_index/resource_index/packages/algorithms
/workspaces/its_rpi_ros2_humble/install/algorithms/share/algorithms/package.xml
/workspaces/its_rpi_ros2_humble/install/algorithms/lib/python3.10/site-packages/algorithms-0.0.0-py3.10.egg-info/requires.txt
/workspaces/its_rpi_ros2_humble/install/algorithms/lib/python3.10/site-packages/algorithms-0.0.0-py3.10.egg-info/SOURCES.txt
/workspaces/its_rpi_ros2_humble/install/algorithms/lib/python3.10/site-packages/algorithms-0.0.0-py3.10.egg-info/top_level.txt
/workspaces/its_rpi_ros2_humble/install/algorithms/lib/python3.10/site-packages/algorithms-0.0.0-py3.10.egg-info/entry_points.txt
/workspaces/its_rpi_ros2_humble/install/algorithms/lib/python3.10/site-packages/algorithms-0.0.0-py3.10.egg-info/zip-safe
/workspaces/its_rpi_ros2_humble/install/algorithms/lib/python3.10/site-packages/algorithms-0.0.0-py3.10.egg-info/dependency_links.txt
/workspaces/its_rpi_ros2_humble/install/algorithms/lib/python3.10/site-packages/algorithms-0.0.0-py3.10.egg-info/PKG-INFO
/workspaces/its_rpi_ros2_humble/install/algorithms/lib/algorithms/camera
/workspaces/its_rpi_ros2_humble/install/algorithms/lib/algorithms/ins
/workspaces/its_rpi_ros2_humble/install/algorithms/lib/algorithms/ultrasonic
/workspaces/its_rpi_ros2_humble/install/algorithms/lib/algorithms/uwb
