/workspaces/its_rpi_ros2_humble/install/sensors/lib/python3.10/site-packages/sensors/ins.py
/workspaces/its_rpi_ros2_humble/install/sensors/lib/python3.10/site-packages/sensors/camera.py
/workspaces/its_rpi_ros2_humble/install/sensors/lib/python3.10/site-packages/sensors/ultrasonic.py
/workspaces/its_rpi_ros2_humble/install/sensors/lib/python3.10/site-packages/sensors/uwb.py
/workspaces/its_rpi_ros2_humble/install/sensors/lib/python3.10/site-packages/sensors/__init__.py
/workspaces/its_rpi_ros2_humble/install/sensors/lib/python3.10/site-packages/sensors/__pycache__/ins.cpython-310.pyc
/workspaces/its_rpi_ros2_humble/install/sensors/lib/python3.10/site-packages/sensors/__pycache__/camera.cpython-310.pyc
/workspaces/its_rpi_ros2_humble/install/sensors/lib/python3.10/site-packages/sensors/__pycache__/ultrasonic.cpython-310.pyc
/workspaces/its_rpi_ros2_humble/install/sensors/lib/python3.10/site-packages/sensors/__pycache__/uwb.cpython-310.pyc
/workspaces/its_rpi_ros2_humble/install/sensors/lib/python3.10/site-packages/sensors/__pycache__/__init__.cpython-310.pyc
/workspaces/its_rpi_ros2_humble/install/sensors/share/ament_index/resource_index/packages/sensors
/workspaces/its_rpi_ros2_humble/install/sensors/share/sensors/package.xml
/workspaces/its_rpi_ros2_humble/install/sensors/lib/python3.10/site-packages/sensors-0.0.0-py3.10.egg-info/requires.txt
/workspaces/its_rpi_ros2_humble/install/sensors/lib/python3.10/site-packages/sensors-0.0.0-py3.10.egg-info/SOURCES.txt
/workspaces/its_rpi_ros2_humble/install/sensors/lib/python3.10/site-packages/sensors-0.0.0-py3.10.egg-info/top_level.txt
/workspaces/its_rpi_ros2_humble/install/sensors/lib/python3.10/site-packages/sensors-0.0.0-py3.10.egg-info/entry_points.txt
/workspaces/its_rpi_ros2_humble/install/sensors/lib/python3.10/site-packages/sensors-0.0.0-py3.10.egg-info/zip-safe
/workspaces/its_rpi_ros2_humble/install/sensors/lib/python3.10/site-packages/sensors-0.0.0-py3.10.egg-info/dependency_links.txt
/workspaces/its_rpi_ros2_humble/install/sensors/lib/python3.10/site-packages/sensors-0.0.0-py3.10.egg-info/PKG-INFO
/workspaces/its_rpi_ros2_humble/install/sensors/lib/sensors/camera
/workspaces/its_rpi_ros2_humble/install/sensors/lib/sensors/ins
/workspaces/its_rpi_ros2_humble/install/sensors/lib/sensors/ultrasonic
/workspaces/its_rpi_ros2_humble/install/sensors/lib/sensors/uwb
